
*** Running vivado
    with args -log AES_top.vds -m64 -product Vivado -mode batch -messageDb vivado.pb -notrace -source AES_top.tcl


****** Vivado v2017.2 (64-bit)
  **** SW Build 1909853 on Thu Jun 15 18:39:09 MDT 2017
  **** IP Build 1909766 on Thu Jun 15 19:58:00 MDT 2017
    ** Copyright 1986-2017 Xilinx, Inc. All Rights Reserved.

source AES_top.tcl -notrace
Command: synth_design -top AES_top -part xc7a35tcpg236-1
Starting synth_design
Attempting to get a license for feature 'Synthesis' and/or device 'xc7a35t-cpg236'
INFO: [Common 17-349] Got license for feature 'Synthesis' and/or device 'xc7a35t-cpg236'
INFO: Launching helper process for spawning children vivado processes
INFO: Helper process launched with PID 2240 
---------------------------------------------------------------------------------
Starting RTL Elaboration : Time (s): cpu = 00:00:03 ; elapsed = 00:00:03 . Memory (MB): peak = 347.758 ; gain = 78.887
---------------------------------------------------------------------------------
INFO: [Synth 8-638] synthesizing module 'AES_top' [C:/Users/cmsno/Dropbox/Year_5/Project/Vivado_Projects/AES_Key_Expansion/AES_Key_Expansion.srcs/sources_1/new/AES_top.v:23]
INFO: [Synth 8-638] synthesizing module 'KeyExpansion' [C:/Users/cmsno/Dropbox/Year_5/Project/Vivado_Projects/AES_Key_Expansion/AES_Key_Expansion.srcs/sources_1/new/KeyExpansion.v:23]
INFO: [Synth 8-226] default block is never used [C:/Users/cmsno/Dropbox/Year_5/Project/Vivado_Projects/AES_Key_Expansion/AES_Key_Expansion.srcs/sources_1/new/KeyExpansion.v:116]
INFO: [Synth 8-226] default block is never used [C:/Users/cmsno/Dropbox/Year_5/Project/Vivado_Projects/AES_Key_Expansion/AES_Key_Expansion.srcs/sources_1/new/KeyExpansion.v:116]
INFO: [Synth 8-226] default block is never used [C:/Users/cmsno/Dropbox/Year_5/Project/Vivado_Projects/AES_Key_Expansion/AES_Key_Expansion.srcs/sources_1/new/KeyExpansion.v:116]
INFO: [Synth 8-226] default block is never used [C:/Users/cmsno/Dropbox/Year_5/Project/Vivado_Projects/AES_Key_Expansion/AES_Key_Expansion.srcs/sources_1/new/KeyExpansion.v:116]
INFO: [Synth 8-226] default block is never used [C:/Users/cmsno/Dropbox/Year_5/Project/Vivado_Projects/AES_Key_Expansion/AES_Key_Expansion.srcs/sources_1/new/KeyExpansion.v:116]
INFO: [Synth 8-226] default block is never used [C:/Users/cmsno/Dropbox/Year_5/Project/Vivado_Projects/AES_Key_Expansion/AES_Key_Expansion.srcs/sources_1/new/KeyExpansion.v:116]
INFO: [Synth 8-226] default block is never used [C:/Users/cmsno/Dropbox/Year_5/Project/Vivado_Projects/AES_Key_Expansion/AES_Key_Expansion.srcs/sources_1/new/KeyExpansion.v:116]
INFO: [Synth 8-226] default block is never used [C:/Users/cmsno/Dropbox/Year_5/Project/Vivado_Projects/AES_Key_Expansion/AES_Key_Expansion.srcs/sources_1/new/KeyExpansion.v:116]
INFO: [Synth 8-226] default block is never used [C:/Users/cmsno/Dropbox/Year_5/Project/Vivado_Projects/AES_Key_Expansion/AES_Key_Expansion.srcs/sources_1/new/KeyExpansion.v:116]
INFO: [Synth 8-226] default block is never used [C:/Users/cmsno/Dropbox/Year_5/Project/Vivado_Projects/AES_Key_Expansion/AES_Key_Expansion.srcs/sources_1/new/KeyExpansion.v:116]
INFO: [Synth 8-226] default block is never used [C:/Users/cmsno/Dropbox/Year_5/Project/Vivado_Projects/AES_Key_Expansion/AES_Key_Expansion.srcs/sources_1/new/KeyExpansion.v:116]
INFO: [Synth 8-226] default block is never used [C:/Users/cmsno/Dropbox/Year_5/Project/Vivado_Projects/AES_Key_Expansion/AES_Key_Expansion.srcs/sources_1/new/KeyExpansion.v:116]
INFO: [Synth 8-226] default block is never used [C:/Users/cmsno/Dropbox/Year_5/Project/Vivado_Projects/AES_Key_Expansion/AES_Key_Expansion.srcs/sources_1/new/KeyExpansion.v:116]
INFO: [Synth 8-226] default block is never used [C:/Users/cmsno/Dropbox/Year_5/Project/Vivado_Projects/AES_Key_Expansion/AES_Key_Expansion.srcs/sources_1/new/KeyExpansion.v:116]
INFO: [Synth 8-226] default block is never used [C:/Users/cmsno/Dropbox/Year_5/Project/Vivado_Projects/AES_Key_Expansion/AES_Key_Expansion.srcs/sources_1/new/KeyExpansion.v:116]
INFO: [Synth 8-226] default block is never used [C:/Users/cmsno/Dropbox/Year_5/Project/Vivado_Projects/AES_Key_Expansion/AES_Key_Expansion.srcs/sources_1/new/KeyExpansion.v:116]
INFO: [Synth 8-226] default block is never used [C:/Users/cmsno/Dropbox/Year_5/Project/Vivado_Projects/AES_Key_Expansion/AES_Key_Expansion.srcs/sources_1/new/KeyExpansion.v:116]
INFO: [Synth 8-226] default block is never used [C:/Users/cmsno/Dropbox/Year_5/Project/Vivado_Projects/AES_Key_Expansion/AES_Key_Expansion.srcs/sources_1/new/KeyExpansion.v:116]
INFO: [Synth 8-226] default block is never used [C:/Users/cmsno/Dropbox/Year_5/Project/Vivado_Projects/AES_Key_Expansion/AES_Key_Expansion.srcs/sources_1/new/KeyExpansion.v:116]
INFO: [Synth 8-226] default block is never used [C:/Users/cmsno/Dropbox/Year_5/Project/Vivado_Projects/AES_Key_Expansion/AES_Key_Expansion.srcs/sources_1/new/KeyExpansion.v:116]
INFO: [Synth 8-226] default block is never used [C:/Users/cmsno/Dropbox/Year_5/Project/Vivado_Projects/AES_Key_Expansion/AES_Key_Expansion.srcs/sources_1/new/KeyExpansion.v:116]
INFO: [Synth 8-226] default block is never used [C:/Users/cmsno/Dropbox/Year_5/Project/Vivado_Projects/AES_Key_Expansion/AES_Key_Expansion.srcs/sources_1/new/KeyExpansion.v:116]
INFO: [Synth 8-226] default block is never used [C:/Users/cmsno/Dropbox/Year_5/Project/Vivado_Projects/AES_Key_Expansion/AES_Key_Expansion.srcs/sources_1/new/KeyExpansion.v:116]
INFO: [Synth 8-226] default block is never used [C:/Users/cmsno/Dropbox/Year_5/Project/Vivado_Projects/AES_Key_Expansion/AES_Key_Expansion.srcs/sources_1/new/KeyExpansion.v:116]
INFO: [Synth 8-226] default block is never used [C:/Users/cmsno/Dropbox/Year_5/Project/Vivado_Projects/AES_Key_Expansion/AES_Key_Expansion.srcs/sources_1/new/KeyExpansion.v:116]
INFO: [Synth 8-226] default block is never used [C:/Users/cmsno/Dropbox/Year_5/Project/Vivado_Projects/AES_Key_Expansion/AES_Key_Expansion.srcs/sources_1/new/KeyExpansion.v:116]
INFO: [Synth 8-226] default block is never used [C:/Users/cmsno/Dropbox/Year_5/Project/Vivado_Projects/AES_Key_Expansion/AES_Key_Expansion.srcs/sources_1/new/KeyExpansion.v:116]
INFO: [Synth 8-226] default block is never used [C:/Users/cmsno/Dropbox/Year_5/Project/Vivado_Projects/AES_Key_Expansion/AES_Key_Expansion.srcs/sources_1/new/KeyExpansion.v:116]
INFO: [Synth 8-226] default block is never used [C:/Users/cmsno/Dropbox/Year_5/Project/Vivado_Projects/AES_Key_Expansion/AES_Key_Expansion.srcs/sources_1/new/KeyExpansion.v:116]
INFO: [Synth 8-226] default block is never used [C:/Users/cmsno/Dropbox/Year_5/Project/Vivado_Projects/AES_Key_Expansion/AES_Key_Expansion.srcs/sources_1/new/KeyExpansion.v:116]
INFO: [Synth 8-226] default block is never used [C:/Users/cmsno/Dropbox/Year_5/Project/Vivado_Projects/AES_Key_Expansion/AES_Key_Expansion.srcs/sources_1/new/KeyExpansion.v:116]
INFO: [Synth 8-226] default block is never used [C:/Users/cmsno/Dropbox/Year_5/Project/Vivado_Projects/AES_Key_Expansion/AES_Key_Expansion.srcs/sources_1/new/KeyExpansion.v:116]
INFO: [Synth 8-226] default block is never used [C:/Users/cmsno/Dropbox/Year_5/Project/Vivado_Projects/AES_Key_Expansion/AES_Key_Expansion.srcs/sources_1/new/KeyExpansion.v:116]
INFO: [Synth 8-226] default block is never used [C:/Users/cmsno/Dropbox/Year_5/Project/Vivado_Projects/AES_Key_Expansion/AES_Key_Expansion.srcs/sources_1/new/KeyExpansion.v:116]
INFO: [Synth 8-226] default block is never used [C:/Users/cmsno/Dropbox/Year_5/Project/Vivado_Projects/AES_Key_Expansion/AES_Key_Expansion.srcs/sources_1/new/KeyExpansion.v:116]
INFO: [Synth 8-226] default block is never used [C:/Users/cmsno/Dropbox/Year_5/Project/Vivado_Projects/AES_Key_Expansion/AES_Key_Expansion.srcs/sources_1/new/KeyExpansion.v:116]
INFO: [Synth 8-226] default block is never used [C:/Users/cmsno/Dropbox/Year_5/Project/Vivado_Projects/AES_Key_Expansion/AES_Key_Expansion.srcs/sources_1/new/KeyExpansion.v:116]
INFO: [Synth 8-226] default block is never used [C:/Users/cmsno/Dropbox/Year_5/Project/Vivado_Projects/AES_Key_Expansion/AES_Key_Expansion.srcs/sources_1/new/KeyExpansion.v:116]
INFO: [Synth 8-226] default block is never used [C:/Users/cmsno/Dropbox/Year_5/Project/Vivado_Projects/AES_Key_Expansion/AES_Key_Expansion.srcs/sources_1/new/KeyExpansion.v:116]
INFO: [Synth 8-226] default block is never used [C:/Users/cmsno/Dropbox/Year_5/Project/Vivado_Projects/AES_Key_Expansion/AES_Key_Expansion.srcs/sources_1/new/KeyExpansion.v:116]
WARNING: [Synth 8-6014] Unused sequential element temp_reg was removed.  [C:/Users/cmsno/Dropbox/Year_5/Project/Vivado_Projects/AES_Key_Expansion/AES_Key_Expansion.srcs/sources_1/new/KeyExpansion.v:46]
INFO: [Synth 8-256] done synthesizing module 'KeyExpansion' (1#1) [C:/Users/cmsno/Dropbox/Year_5/Project/Vivado_Projects/AES_Key_Expansion/AES_Key_Expansion.srcs/sources_1/new/KeyExpansion.v:23]
WARNING: [Synth 8-689] width (1) of port connection 'expandedKey' does not match port width (1408) of module 'KeyExpansion' [C:/Users/cmsno/Dropbox/Year_5/Project/Vivado_Projects/AES_Key_Expansion/AES_Key_Expansion.srcs/sources_1/new/AES_top.v:31]
INFO: [Synth 8-256] done synthesizing module 'AES_top' (2#1) [C:/Users/cmsno/Dropbox/Year_5/Project/Vivado_Projects/AES_Key_Expansion/AES_Key_Expansion.srcs/sources_1/new/AES_top.v:23]
---------------------------------------------------------------------------------
Finished RTL Elaboration : Time (s): cpu = 00:00:04 ; elapsed = 00:00:05 . Memory (MB): peak = 409.879 ; gain = 141.008
---------------------------------------------------------------------------------

Report Check Netlist: 
+------+------------------+-------+---------+-------+------------------+
|      |Item              |Errors |Warnings |Status |Description       |
+------+------------------+-------+---------+-------+------------------+
|1     |multi_driven_nets |      0|        0|Passed |Multi driven nets |
+------+------------------+-------+---------+-------+------------------+
---------------------------------------------------------------------------------
Finished RTL Optimization Phase 1 : Time (s): cpu = 00:00:05 ; elapsed = 00:00:05 . Memory (MB): peak = 409.879 ; gain = 141.008
---------------------------------------------------------------------------------
INFO: [Device 21-403] Loading part xc7a35tcpg236-1
INFO: [Project 1-570] Preparing netlist for logic optimization

Processing XDC Constraints
Initializing timing engine
Parsing XDC File [C:/Vivado XDC/digilent-xdc-master/Basys-3-Master.xdc]
Finished Parsing XDC File [C:/Vivado XDC/digilent-xdc-master/Basys-3-Master.xdc]
INFO: [Project 1-236] Implementation specific constraints were found while reading constraint file [C:/Vivado XDC/digilent-xdc-master/Basys-3-Master.xdc]. These constraints will be ignored for synthesis but will be used in implementation. Impacted constraints are listed in the file [.Xil/AES_top_propImpl.xdc].
Resolution: To avoid this warning, move constraints listed in [.Xil/AES_top_propImpl.xdc] to another XDC file and exclude this new file from synthesis with the used_in_synthesis property (File Properties dialog in GUI) and re-run elaboration/synthesis.
Completed Processing XDC Constraints

INFO: [Project 1-111] Unisim Transformation Summary:
No Unisim elements were transformed.

Constraint Validation Runtime : Time (s): cpu = 00:00:00 ; elapsed = 00:00:00.003 . Memory (MB): peak = 723.930 ; gain = 0.000
---------------------------------------------------------------------------------
Finished Constraint Validation : Time (s): cpu = 00:00:13 ; elapsed = 00:00:14 . Memory (MB): peak = 723.930 ; gain = 455.059
---------------------------------------------------------------------------------
---------------------------------------------------------------------------------
Start Loading Part and Timing Information
---------------------------------------------------------------------------------
Loading part: xc7a35tcpg236-1
---------------------------------------------------------------------------------
Finished Loading Part and Timing Information : Time (s): cpu = 00:00:13 ; elapsed = 00:00:14 . Memory (MB): peak = 723.930 ; gain = 455.059
---------------------------------------------------------------------------------
---------------------------------------------------------------------------------
Start Applying 'set_property' XDC Constraints
---------------------------------------------------------------------------------
---------------------------------------------------------------------------------
Finished applying 'set_property' XDC Constraints : Time (s): cpu = 00:00:13 ; elapsed = 00:00:14 . Memory (MB): peak = 723.930 ; gain = 455.059
---------------------------------------------------------------------------------
INFO: [Synth 8-5546] ROM "Rcon" won't be mapped to RAM because it is too sparse
INFO: [Synth 8-5546] ROM "Rcon0" won't be mapped to RAM because it is too sparse
INFO: [Synth 8-5546] ROM "Rcon1" won't be mapped to RAM because it is too sparse
INFO: [Synth 8-5546] ROM "Rcon2" won't be mapped to RAM because it is too sparse
INFO: [Synth 8-5546] ROM "Rcon3" won't be mapped to RAM because it is too sparse
INFO: [Synth 8-5546] ROM "Rcon4" won't be mapped to RAM because it is too sparse
INFO: [Synth 8-5546] ROM "Rcon5" won't be mapped to RAM because it is too sparse
INFO: [Synth 8-5546] ROM "Rcon6" won't be mapped to RAM because it is too sparse
INFO: [Synth 8-5546] ROM "Rcon7" won't be mapped to RAM because it is too sparse
INFO: [Synth 8-5546] ROM "Rcon8" won't be mapped to RAM because it is too sparse
---------------------------------------------------------------------------------
Finished RTL Optimization Phase 2 : Time (s): cpu = 00:00:16 ; elapsed = 00:00:17 . Memory (MB): peak = 723.930 ; gain = 455.059
---------------------------------------------------------------------------------

Report RTL Partitions: 
+-+--------------+------------+----------+
| |RTL Partition |Replication |Instances |
+-+--------------+------------+----------+
+-+--------------+------------+----------+
---------------------------------------------------------------------------------
Start RTL Component Statistics 
---------------------------------------------------------------------------------
INFO: [Synth 8-3538] Detected potentially large (wide) register expandedKey_reg_reg [C:/Users/cmsno/Dropbox/Year_5/Project/Vivado_Projects/AES_Key_Expansion/AES_Key_Expansion.srcs/sources_1/new/KeyExpansion.v:83]
Detailed RTL Component Info : 
+---Adders : 
	   2 Input     32 Bit       Adders := 9     
+---XORs : 
	   2 Input     32 Bit         XORs := 40    
	   2 Input      8 Bit         XORs := 10    
+---Registers : 
	             1408 Bit    Registers := 1     
+---Muxes : 
	   2 Input      8 Bit        Muxes := 10    
---------------------------------------------------------------------------------
Finished RTL Component Statistics 
---------------------------------------------------------------------------------
---------------------------------------------------------------------------------
Start RTL Hierarchical Component Statistics 
---------------------------------------------------------------------------------
INFO: [Synth 8-3538] Detected potentially large (wide) register expandedKey_reg_reg [C:/Users/cmsno/Dropbox/Year_5/Project/Vivado_Projects/AES_Key_Expansion/AES_Key_Expansion.srcs/sources_1/new/KeyExpansion.v:83]
Hierarchical RTL Component report 
Module KeyExpansion 
Detailed RTL Component Info : 
+---Adders : 
	   2 Input     32 Bit       Adders := 9     
+---XORs : 
	   2 Input     32 Bit         XORs := 40    
	   2 Input      8 Bit         XORs := 10    
+---Registers : 
	             1408 Bit    Registers := 1     
+---Muxes : 
	   2 Input      8 Bit        Muxes := 10    
---------------------------------------------------------------------------------
Finished RTL Hierarchical Component Statistics
---------------------------------------------------------------------------------
---------------------------------------------------------------------------------
Start Part Resource Summary
---------------------------------------------------------------------------------
Part Resources:
DSPs: 90 (col length:60)
BRAMs: 100 (col length: RAMB18 60 RAMB36 30)
---------------------------------------------------------------------------------
Finished Part Resource Summary
---------------------------------------------------------------------------------
---------------------------------------------------------------------------------
Start Cross Boundary and Area Optimization
---------------------------------------------------------------------------------
INFO: [Synth 8-3333] propagating constant 1 across sequential element (\i_KeyExpansion/expandedKey_reg_reg[0] )
WARNING: [Synth 8-3332] Sequential element (i_KeyExpansion/expandedKey_reg_reg[1407]) is unused and will be removed from module AES_top.
WARNING: [Synth 8-3332] Sequential element (i_KeyExpansion/expandedKey_reg_reg[1406]) is unused and will be removed from module AES_top.
WARNING: [Synth 8-3332] Sequential element (i_KeyExpansion/expandedKey_reg_reg[1405]) is unused and will be removed from module AES_top.
WARNING: [Synth 8-3332] Sequential element (i_KeyExpansion/expandedKey_reg_reg[1404]) is unused and will be removed from module AES_top.
WARNING: [Synth 8-3332] Sequential element (i_KeyExpansion/expandedKey_reg_reg[1403]) is unused and will be removed from module AES_top.
WARNING: [Synth 8-3332] Sequential element (i_KeyExpansion/expandedKey_reg_reg[1402]) is unused and will be removed from module AES_top.
WARNING: [Synth 8-3332] Sequential element (i_KeyExpansion/expandedKey_reg_reg[1401]) is unused and will be removed from module AES_top.
WARNING: [Synth 8-3332] Sequential element (i_KeyExpansion/expandedKey_reg_reg[1400]) is unused and will be removed from module AES_top.
WARNING: [Synth 8-3332] Sequential element (i_KeyExpansion/expandedKey_reg_reg[1399]) is unused and will be removed from module AES_top.
WARNING: [Synth 8-3332] Sequential element (i_KeyExpansion/expandedKey_reg_reg[1398]) is unused and will be removed from module AES_top.
WARNING: [Synth 8-3332] Sequential element (i_KeyExpansion/expandedKey_reg_reg[1397]) is unused and will be removed from module AES_top.
WARNING: [Synth 8-3332] Sequential element (i_KeyExpansion/expandedKey_reg_reg[1396]) is unused and will be removed from module AES_top.
WARNING: [Synth 8-3332] Sequential element (i_KeyExpansion/expandedKey_reg_reg[1395]) is unused and will be removed from module AES_top.
WARNING: [Synth 8-3332] Sequential element (i_KeyExpansion/expandedKey_reg_reg[1394]) is unused and will be removed from module AES_top.
WARNING: [Synth 8-3332] Sequential element (i_KeyExpansion/expandedKey_reg_reg[1393]) is unused and will be removed from module AES_top.
WARNING: [Synth 8-3332] Sequential element (i_KeyExpansion/expandedKey_reg_reg[1392]) is unused and will be removed from module AES_top.
WARNING: [Synth 8-3332] Sequential element (i_KeyExpansion/expandedKey_reg_reg[1391]) is unused and will be removed from module AES_top.
WARNING: [Synth 8-3332] Sequential element (i_KeyExpansion/expandedKey_reg_reg[1390]) is unused and will be removed from module AES_top.
WARNING: [Synth 8-3332] Sequential element (i_KeyExpansion/expandedKey_reg_reg[1389]) is unused and will be removed from module AES_top.
WARNING: [Synth 8-3332] Sequential element (i_KeyExpansion/expandedKey_reg_reg[1388]) is unused and will be removed from module AES_top.
WARNING: [Synth 8-3332] Sequential element (i_KeyExpansion/expandedKey_reg_reg[1387]) is unused and will be removed from module AES_top.
WARNING: [Synth 8-3332] Sequential element (i_KeyExpansion/expandedKey_reg_reg[1386]) is unused and will be removed from module AES_top.
WARNING: [Synth 8-3332] Sequential element (i_KeyExpansion/expandedKey_reg_reg[1385]) is unused and will be removed from module AES_top.
WARNING: [Synth 8-3332] Sequential element (i_KeyExpansion/expandedKey_reg_reg[1384]) is unused and will be removed from module AES_top.
WARNING: [Synth 8-3332] Sequential element (i_KeyExpansion/expandedKey_reg_reg[1383]) is unused and will be removed from module AES_top.
WARNING: [Synth 8-3332] Sequential element (i_KeyExpansion/expandedKey_reg_reg[1382]) is unused and will be removed from module AES_top.
WARNING: [Synth 8-3332] Sequential element (i_KeyExpansion/expandedKey_reg_reg[1381]) is unused and will be removed from module AES_top.
WARNING: [Synth 8-3332] Sequential element (i_KeyExpansion/expandedKey_reg_reg[1380]) is unused and will be removed from module AES_top.
WARNING: [Synth 8-3332] Sequential element (i_KeyExpansion/expandedKey_reg_reg[1379]) is unused and will be removed from module AES_top.
WARNING: [Synth 8-3332] Sequential element (i_KeyExpansion/expandedKey_reg_reg[1378]) is unused and will be removed from module AES_top.
WARNING: [Synth 8-3332] Sequential element (i_KeyExpansion/expandedKey_reg_reg[1377]) is unused and will be removed from module AES_top.
WARNING: [Synth 8-3332] Sequential element (i_KeyExpansion/expandedKey_reg_reg[1376]) is unused and will be removed from module AES_top.
WARNING: [Synth 8-3332] Sequential element (i_KeyExpansion/expandedKey_reg_reg[1375]) is unused and will be removed from module AES_top.
WARNING: [Synth 8-3332] Sequential element (i_KeyExpansion/expandedKey_reg_reg[1374]) is unused and will be removed from module AES_top.
WARNING: [Synth 8-3332] Sequential element (i_KeyExpansion/expandedKey_reg_reg[1373]) is unused and will be removed from module AES_top.
WARNING: [Synth 8-3332] Sequential element (i_KeyExpansion/expandedKey_reg_reg[1372]) is unused and will be removed from module AES_top.
WARNING: [Synth 8-3332] Sequential element (i_KeyExpansion/expandedKey_reg_reg[1371]) is unused and will be removed from module AES_top.
WARNING: [Synth 8-3332] Sequential element (i_KeyExpansion/expandedKey_reg_reg[1370]) is unused and will be removed from module AES_top.
WARNING: [Synth 8-3332] Sequential element (i_KeyExpansion/expandedKey_reg_reg[1369]) is unused and will be removed from module AES_top.
WARNING: [Synth 8-3332] Sequential element (i_KeyExpansion/expandedKey_reg_reg[1368]) is unused and will be removed from module AES_top.
WARNING: [Synth 8-3332] Sequential element (i_KeyExpansion/expandedKey_reg_reg[1367]) is unused and will be removed from module AES_top.
WARNING: [Synth 8-3332] Sequential element (i_KeyExpansion/expandedKey_reg_reg[1366]) is unused and will be removed from module AES_top.
WARNING: [Synth 8-3332] Sequential element (i_KeyExpansion/expandedKey_reg_reg[1365]) is unused and will be removed from module AES_top.
WARNING: [Synth 8-3332] Sequential element (i_KeyExpansion/expandedKey_reg_reg[1364]) is unused and will be removed from module AES_top.
WARNING: [Synth 8-3332] Sequential element (i_KeyExpansion/expandedKey_reg_reg[1363]) is unused and will be removed from module AES_top.
WARNING: [Synth 8-3332] Sequential element (i_KeyExpansion/expandedKey_reg_reg[1362]) is unused and will be removed from module AES_top.
WARNING: [Synth 8-3332] Sequential element (i_KeyExpansion/expandedKey_reg_reg[1361]) is unused and will be removed from module AES_top.
WARNING: [Synth 8-3332] Sequential element (i_KeyExpansion/expandedKey_reg_reg[1360]) is unused and will be removed from module AES_top.
WARNING: [Synth 8-3332] Sequential element (i_KeyExpansion/expandedKey_reg_reg[1359]) is unused and will be removed from module AES_top.
WARNING: [Synth 8-3332] Sequential element (i_KeyExpansion/expandedKey_reg_reg[1358]) is unused and will be removed from module AES_top.
WARNING: [Synth 8-3332] Sequential element (i_KeyExpansion/expandedKey_reg_reg[1357]) is unused and will be removed from module AES_top.
WARNING: [Synth 8-3332] Sequential element (i_KeyExpansion/expandedKey_reg_reg[1356]) is unused and will be removed from module AES_top.
WARNING: [Synth 8-3332] Sequential element (i_KeyExpansion/expandedKey_reg_reg[1355]) is unused and will be removed from module AES_top.
WARNING: [Synth 8-3332] Sequential element (i_KeyExpansion/expandedKey_reg_reg[1354]) is unused and will be removed from module AES_top.
WARNING: [Synth 8-3332] Sequential element (i_KeyExpansion/expandedKey_reg_reg[1353]) is unused and will be removed from module AES_top.
WARNING: [Synth 8-3332] Sequential element (i_KeyExpansion/expandedKey_reg_reg[1352]) is unused and will be removed from module AES_top.
WARNING: [Synth 8-3332] Sequential element (i_KeyExpansion/expandedKey_reg_reg[1351]) is unused and will be removed from module AES_top.
WARNING: [Synth 8-3332] Sequential element (i_KeyExpansion/expandedKey_reg_reg[1350]) is unused and will be removed from module AES_top.
WARNING: [Synth 8-3332] Sequential element (i_KeyExpansion/expandedKey_reg_reg[1349]) is unused and will be removed from module AES_top.
WARNING: [Synth 8-3332] Sequential element (i_KeyExpansion/expandedKey_reg_reg[1348]) is unused and will be removed from module AES_top.
WARNING: [Synth 8-3332] Sequential element (i_KeyExpansion/expandedKey_reg_reg[1347]) is unused and will be removed from module AES_top.
WARNING: [Synth 8-3332] Sequential element (i_KeyExpansion/expandedKey_reg_reg[1346]) is unused and will be removed from module AES_top.
WARNING: [Synth 8-3332] Sequential element (i_KeyExpansion/expandedKey_reg_reg[1345]) is unused and will be removed from module AES_top.
WARNING: [Synth 8-3332] Sequential element (i_KeyExpansion/expandedKey_reg_reg[1344]) is unused and will be removed from module AES_top.
WARNING: [Synth 8-3332] Sequential element (i_KeyExpansion/expandedKey_reg_reg[1343]) is unused and will be removed from module AES_top.
WARNING: [Synth 8-3332] Sequential element (i_KeyExpansion/expandedKey_reg_reg[1342]) is unused and will be removed from module AES_top.
WARNING: [Synth 8-3332] Sequential element (i_KeyExpansion/expandedKey_reg_reg[1341]) is unused and will be removed from module AES_top.
WARNING: [Synth 8-3332] Sequential element (i_KeyExpansion/expandedKey_reg_reg[1340]) is unused and will be removed from module AES_top.
WARNING: [Synth 8-3332] Sequential element (i_KeyExpansion/expandedKey_reg_reg[1339]) is unused and will be removed from module AES_top.
WARNING: [Synth 8-3332] Sequential element (i_KeyExpansion/expandedKey_reg_reg[1338]) is unused and will be removed from module AES_top.
WARNING: [Synth 8-3332] Sequential element (i_KeyExpansion/expandedKey_reg_reg[1337]) is unused and will be removed from module AES_top.
WARNING: [Synth 8-3332] Sequential element (i_KeyExpansion/expandedKey_reg_reg[1336]) is unused and will be removed from module AES_top.
WARNING: [Synth 8-3332] Sequential element (i_KeyExpansion/expandedKey_reg_reg[1335]) is unused and will be removed from module AES_top.
WARNING: [Synth 8-3332] Sequential element (i_KeyExpansion/expandedKey_reg_reg[1334]) is unused and will be removed from module AES_top.
WARNING: [Synth 8-3332] Sequential element (i_KeyExpansion/expandedKey_reg_reg[1333]) is unused and will be removed from module AES_top.
WARNING: [Synth 8-3332] Sequential element (i_KeyExpansion/expandedKey_reg_reg[1332]) is unused and will be removed from module AES_top.
WARNING: [Synth 8-3332] Sequential element (i_KeyExpansion/expandedKey_reg_reg[1331]) is unused and will be removed from module AES_top.
WARNING: [Synth 8-3332] Sequential element (i_KeyExpansion/expandedKey_reg_reg[1330]) is unused and will be removed from module AES_top.
WARNING: [Synth 8-3332] Sequential element (i_KeyExpansion/expandedKey_reg_reg[1329]) is unused and will be removed from module AES_top.
WARNING: [Synth 8-3332] Sequential element (i_KeyExpansion/expandedKey_reg_reg[1328]) is unused and will be removed from module AES_top.
WARNING: [Synth 8-3332] Sequential element (i_KeyExpansion/expandedKey_reg_reg[1327]) is unused and will be removed from module AES_top.
WARNING: [Synth 8-3332] Sequential element (i_KeyExpansion/expandedKey_reg_reg[1326]) is unused and will be removed from module AES_top.
WARNING: [Synth 8-3332] Sequential element (i_KeyExpansion/expandedKey_reg_reg[1325]) is unused and will be removed from module AES_top.
WARNING: [Synth 8-3332] Sequential element (i_KeyExpansion/expandedKey_reg_reg[1324]) is unused and will be removed from module AES_top.
WARNING: [Synth 8-3332] Sequential element (i_KeyExpansion/expandedKey_reg_reg[1323]) is unused and will be removed from module AES_top.
WARNING: [Synth 8-3332] Sequential element (i_KeyExpansion/expandedKey_reg_reg[1322]) is unused and will be removed from module AES_top.
WARNING: [Synth 8-3332] Sequential element (i_KeyExpansion/expandedKey_reg_reg[1321]) is unused and will be removed from module AES_top.
WARNING: [Synth 8-3332] Sequential element (i_KeyExpansion/expandedKey_reg_reg[1320]) is unused and will be removed from module AES_top.
WARNING: [Synth 8-3332] Sequential element (i_KeyExpansion/expandedKey_reg_reg[1319]) is unused and will be removed from module AES_top.
WARNING: [Synth 8-3332] Sequential element (i_KeyExpansion/expandedKey_reg_reg[1318]) is unused and will be removed from module AES_top.
WARNING: [Synth 8-3332] Sequential element (i_KeyExpansion/expandedKey_reg_reg[1317]) is unused and will be removed from module AES_top.
WARNING: [Synth 8-3332] Sequential element (i_KeyExpansion/expandedKey_reg_reg[1316]) is unused and will be removed from module AES_top.
WARNING: [Synth 8-3332] Sequential element (i_KeyExpansion/expandedKey_reg_reg[1315]) is unused and will be removed from module AES_top.
WARNING: [Synth 8-3332] Sequential element (i_KeyExpansion/expandedKey_reg_reg[1314]) is unused and will be removed from module AES_top.
WARNING: [Synth 8-3332] Sequential element (i_KeyExpansion/expandedKey_reg_reg[1313]) is unused and will be removed from module AES_top.
WARNING: [Synth 8-3332] Sequential element (i_KeyExpansion/expandedKey_reg_reg[1312]) is unused and will be removed from module AES_top.
WARNING: [Synth 8-3332] Sequential element (i_KeyExpansion/expandedKey_reg_reg[1311]) is unused and will be removed from module AES_top.
WARNING: [Synth 8-3332] Sequential element (i_KeyExpansion/expandedKey_reg_reg[1310]) is unused and will be removed from module AES_top.
WARNING: [Synth 8-3332] Sequential element (i_KeyExpansion/expandedKey_reg_reg[1309]) is unused and will be removed from module AES_top.
WARNING: [Synth 8-3332] Sequential element (i_KeyExpansion/expandedKey_reg_reg[1308]) is unused and will be removed from module AES_top.
INFO: [Common 17-14] Message 'Synth 8-3332' appears 100 times and further instances of the messages will be disabled. Use the Tcl command set_msg_config to change the current settings.
---------------------------------------------------------------------------------
Finished Cross Boundary and Area Optimization : Time (s): cpu = 00:00:21 ; elapsed = 00:00:23 . Memory (MB): peak = 723.930 ; gain = 455.059
---------------------------------------------------------------------------------
---------------------------------------------------------------------------------
Start ROM, RAM, DSP and Shift Register Reporting
---------------------------------------------------------------------------------

ROM:
+-------------+------------+---------------+----------------+
|Module Name  | RTL Object | Depth x Width | Implemented As | 
+-------------+------------+---------------+----------------+
|KeyExpansion | sbox3      | 256x8         | LUT            | 
|KeyExpansion | sbox4      | 256x8         | LUT            | 
|KeyExpansion | sbox5      | 256x8         | LUT            | 
|KeyExpansion | sbox6      | 256x8         | LUT            | 
|KeyExpansion | sbox7      | 256x8         | LUT            | 
|KeyExpansion | sbox8      | 256x8         | LUT            | 
|KeyExpansion | sbox9      | 256x8         | LUT            | 
|KeyExpansion | sbox10     | 256x8         | LUT            | 
|KeyExpansion | sbox11     | 256x8         | LUT            | 
|KeyExpansion | sbox12     | 256x8         | LUT            | 
|KeyExpansion | sbox13     | 256x8         | LUT            | 
|KeyExpansion | sbox14     | 256x8         | LUT            | 
|KeyExpansion | sbox15     | 256x8         | LUT            | 
|KeyExpansion | sbox16     | 256x8         | LUT            | 
|KeyExpansion | sbox17     | 256x8         | LUT            | 
|KeyExpansion | sbox18     | 256x8         | LUT            | 
|KeyExpansion | sbox19     | 256x8         | LUT            | 
|KeyExpansion | sbox20     | 256x8         | LUT            | 
|KeyExpansion | sbox21     | 256x8         | LUT            | 
|KeyExpansion | sbox22     | 256x8         | LUT            | 
|KeyExpansion | sbox23     | 256x8         | LUT            | 
|KeyExpansion | sbox24     | 256x8         | LUT            | 
|KeyExpansion | sbox25     | 256x8         | LUT            | 
|KeyExpansion | sbox26     | 256x8         | LUT            | 
|KeyExpansion | sbox27     | 256x8         | LUT            | 
|KeyExpansion | sbox28     | 256x8         | LUT            | 
|KeyExpansion | sbox29     | 256x8         | LUT            | 
|KeyExpansion | sbox30     | 256x8         | LUT            | 
|KeyExpansion | sbox31     | 256x8         | LUT            | 
|KeyExpansion | sbox32     | 256x8         | LUT            | 
|KeyExpansion | sbox33     | 256x8         | LUT            | 
|KeyExpansion | sbox34     | 256x8         | LUT            | 
|KeyExpansion | sbox35     | 256x8         | LUT            | 
|KeyExpansion | sbox36     | 256x8         | LUT            | 
|KeyExpansion | sbox37     | 256x8         | LUT            | 
|KeyExpansion | sbox38     | 256x8         | LUT            | 
|KeyExpansion | sbox       | 256x8         | LUT            | 
|KeyExpansion | sbox0      | 256x8         | LUT            | 
|KeyExpansion | sbox1      | 256x8         | LUT            | 
|KeyExpansion | sbox2      | 256x8         | LUT            | 
|KeyExpansion | sbox5      | 256x8         | LUT            | 
|KeyExpansion | sbox4      | 256x8         | LUT            | 
|KeyExpansion | sbox3      | 256x8         | LUT            | 
|KeyExpansion | sbox6      | 256x8         | LUT            | 
|KeyExpansion | sbox9      | 256x8         | LUT            | 
|KeyExpansion | sbox8      | 256x8         | LUT            | 
|KeyExpansion | sbox7      | 256x8         | LUT            | 
|KeyExpansion | sbox10     | 256x8         | LUT            | 
|KeyExpansion | sbox11     | 256x8         | LUT            | 
|KeyExpansion | sbox14     | 256x8         | LUT            | 
|KeyExpansion | sbox17     | 256x8         | LUT            | 
|KeyExpansion | sbox16     | 256x8         | LUT            | 
|KeyExpansion | sbox15     | 256x8         | LUT            | 
|KeyExpansion | sbox18     | 256x8         | LUT            | 
|KeyExpansion | sbox21     | 256x8         | LUT            | 
|KeyExpansion | sbox20     | 256x8         | LUT            | 
|KeyExpansion | sbox19     | 256x8         | LUT            | 
|KeyExpansion | sbox22     | 256x8         | LUT            | 
|KeyExpansion | sbox25     | 256x8         | LUT            | 
|KeyExpansion | sbox24     | 256x8         | LUT            | 
|KeyExpansion | sbox23     | 256x8         | LUT            | 
|KeyExpansion | sbox26     | 256x8         | LUT            | 
|KeyExpansion | sbox29     | 256x8         | LUT            | 
|KeyExpansion | sbox28     | 256x8         | LUT            | 
|KeyExpansion | sbox27     | 256x8         | LUT            | 
|KeyExpansion | sbox30     | 256x8         | LUT            | 
|KeyExpansion | sbox33     | 256x8         | LUT            | 
|KeyExpansion | sbox32     | 256x8         | LUT            | 
|KeyExpansion | sbox31     | 256x8         | LUT            | 
|KeyExpansion | sbox34     | 256x8         | LUT            | 
|KeyExpansion | sbox37     | 256x8         | LUT            | 
|KeyExpansion | sbox36     | 256x8         | LUT            | 
|KeyExpansion | sbox35     | 256x8         | LUT            | 
|KeyExpansion | sbox38     | 256x8         | LUT            | 
|KeyExpansion | sbox1      | 256x8         | LUT            | 
|KeyExpansion | sbox0      | 256x8         | LUT            | 
|KeyExpansion | sbox       | 256x8         | LUT            | 
|KeyExpansion | sbox2      | 256x8         | LUT            | 
+-------------+------------+---------------+----------------+

---------------------------------------------------------------------------------
Finished ROM, RAM, DSP and Shift Register Reporting
---------------------------------------------------------------------------------

Report RTL Partitions: 
+-+--------------+------------+----------+
| |RTL Partition |Replication |Instances |
+-+--------------+------------+----------+
+-+--------------+------------+----------+
---------------------------------------------------------------------------------
Start Applying XDC Timing Constraints
---------------------------------------------------------------------------------
---------------------------------------------------------------------------------
Finished Applying XDC Timing Constraints : Time (s): cpu = 00:00:30 ; elapsed = 00:00:32 . Memory (MB): peak = 723.930 ; gain = 455.059
---------------------------------------------------------------------------------
---------------------------------------------------------------------------------
Start Timing Optimization
---------------------------------------------------------------------------------
---------------------------------------------------------------------------------
Finished Timing Optimization : Time (s): cpu = 00:00:30 ; elapsed = 00:00:32 . Memory (MB): peak = 723.930 ; gain = 455.059
---------------------------------------------------------------------------------

Report RTL Partitions: 
+-+--------------+------------+----------+
| |RTL Partition |Replication |Instances |
+-+--------------+------------+----------+
+-+--------------+------------+----------+
---------------------------------------------------------------------------------
Start Technology Mapping
---------------------------------------------------------------------------------
---------------------------------------------------------------------------------
Finished Technology Mapping : Time (s): cpu = 00:00:30 ; elapsed = 00:00:32 . Memory (MB): peak = 723.930 ; gain = 455.059
---------------------------------------------------------------------------------

Report RTL Partitions: 
+-+--------------+------------+----------+
| |RTL Partition |Replication |Instances |
+-+--------------+------------+----------+
+-+--------------+------------+----------+
---------------------------------------------------------------------------------
Start IO Insertion
---------------------------------------------------------------------------------
---------------------------------------------------------------------------------
Start Flattening Before IO Insertion
---------------------------------------------------------------------------------
---------------------------------------------------------------------------------
Finished Flattening Before IO Insertion
---------------------------------------------------------------------------------
---------------------------------------------------------------------------------
Start Final Netlist Cleanup
---------------------------------------------------------------------------------
---------------------------------------------------------------------------------
Finished Final Netlist Cleanup
---------------------------------------------------------------------------------
---------------------------------------------------------------------------------
Finished IO Insertion : Time (s): cpu = 00:00:31 ; elapsed = 00:00:33 . Memory (MB): peak = 723.930 ; gain = 455.059
---------------------------------------------------------------------------------

Report Check Netlist: 
+------+------------------+-------+---------+-------+------------------+
|      |Item              |Errors |Warnings |Status |Description       |
+------+------------------+-------+---------+-------+------------------+
|1     |multi_driven_nets |      0|        0|Passed |Multi driven nets |
+------+------------------+-------+---------+-------+------------------+
---------------------------------------------------------------------------------
Start Renaming Generated Instances
---------------------------------------------------------------------------------
---------------------------------------------------------------------------------
Finished Renaming Generated Instances : Time (s): cpu = 00:00:31 ; elapsed = 00:00:33 . Memory (MB): peak = 723.930 ; gain = 455.059
---------------------------------------------------------------------------------

Report RTL Partitions: 
+-+--------------+------------+----------+
| |RTL Partition |Replication |Instances |
+-+--------------+------------+----------+
+-+--------------+------------+----------+
---------------------------------------------------------------------------------
Start Rebuilding User Hierarchy
---------------------------------------------------------------------------------
---------------------------------------------------------------------------------
Finished Rebuilding User Hierarchy : Time (s): cpu = 00:00:31 ; elapsed = 00:00:33 . Memory (MB): peak = 723.930 ; gain = 455.059
---------------------------------------------------------------------------------
---------------------------------------------------------------------------------
Start Renaming Generated Ports
---------------------------------------------------------------------------------
---------------------------------------------------------------------------------
Finished Renaming Generated Ports : Time (s): cpu = 00:00:31 ; elapsed = 00:00:33 . Memory (MB): peak = 723.930 ; gain = 455.059
---------------------------------------------------------------------------------
---------------------------------------------------------------------------------
Start Handling Custom Attributes
---------------------------------------------------------------------------------
---------------------------------------------------------------------------------
Finished Handling Custom Attributes : Time (s): cpu = 00:00:31 ; elapsed = 00:00:33 . Memory (MB): peak = 723.930 ; gain = 455.059
---------------------------------------------------------------------------------
---------------------------------------------------------------------------------
Start Renaming Generated Nets
---------------------------------------------------------------------------------
---------------------------------------------------------------------------------
Finished Renaming Generated Nets : Time (s): cpu = 00:00:31 ; elapsed = 00:00:33 . Memory (MB): peak = 723.930 ; gain = 455.059
---------------------------------------------------------------------------------
---------------------------------------------------------------------------------
Start Writing Synthesis Report
---------------------------------------------------------------------------------

Report BlackBoxes: 
+-+--------------+----------+
| |BlackBox name |Instances |
+-+--------------+----------+
+-+--------------+----------+

Report Cell Usage: 
+------+-----+------+
|      |Cell |Count |
+------+-----+------+
|1     |OBUF |     1|
+------+-----+------+

Report Instance Areas: 
+------+---------+-------+------+
|      |Instance |Module |Cells |
+------+---------+-------+------+
|1     |top      |       |     1|
+------+---------+-------+------+
---------------------------------------------------------------------------------
Finished Writing Synthesis Report : Time (s): cpu = 00:00:31 ; elapsed = 00:00:33 . Memory (MB): peak = 723.930 ; gain = 455.059
---------------------------------------------------------------------------------
Synthesis finished with 0 errors, 0 critical warnings and 1408 warnings.
Synthesis Optimization Runtime : Time (s): cpu = 00:00:21 ; elapsed = 00:00:27 . Memory (MB): peak = 723.930 ; gain = 141.008
Synthesis Optimization Complete : Time (s): cpu = 00:00:31 ; elapsed = 00:00:33 . Memory (MB): peak = 723.930 ; gain = 455.059
INFO: [Project 1-571] Translating synthesized netlist
INFO: [Project 1-570] Preparing netlist for logic optimization
INFO: [Opt 31-138] Pushed 0 inverter(s) to 0 load pin(s).
INFO: [Project 1-111] Unisim Transformation Summary:
No Unisim elements were transformed.

67 Infos, 102 Warnings, 0 Critical Warnings and 0 Errors encountered.
synth_design completed successfully
synth_design: Time (s): cpu = 00:00:33 ; elapsed = 00:00:35 . Memory (MB): peak = 723.930 ; gain = 462.824
INFO: [Common 17-1381] The checkpoint 'C:/Users/cmsno/Dropbox/Year_5/Project/Vivado_Projects/AES_Key_Expansion/AES_Key_Expansion.runs/synth_1/AES_top.dcp' has been generated.
report_utilization: Time (s): cpu = 00:00:00 ; elapsed = 00:00:00.016 . Memory (MB): peak = 723.930 ; gain = 0.000
INFO: [Common 17-206] Exiting Vivado at Fri Oct 20 22:02:34 2017...
