Unable to capture context for thread 15152 in process 6816, can not generate back trace
Unable to capture context for thread 164 in process 6816, can not generate back trace
Unable to capture context for thread 19540 in process 6816, can not generate back trace
Exception at PC 0x00007FF8E99EBB93
Printing stacktrace...

[0]  [0x00007FF8E99EBB93]
[1]  [0x00007FF8E99EBB93]
[2]  [0x00007FF8E99EB4A1]
[3]  [0x00007FF8E99EB3EF]
[4]  [0x00007FF8E99D19FE]
[5]  [0x00007FF8E99D0ED1]
[6]  [0x00007FF8E99D0D76]
[7]  [0x00007FF8E99779F6]
[8]  [0x00007FF8E9967AFB]
[9]  [0x00007FF8E9A8E90A]
[10]  [0x00007FF8E9AA9F87]
[11]  [0x00007FF8E9AAA05F]
[12] (BaseThreadInitThunk+0x14) [0x00007FF976622774]
[13] (RtlUserThreadStart+0x21) [0x00007FF9768D0D51]
Done
Exception at PC 0x00007FF8E96F1A52
Attemped to write at address 0x00007FF93E48ABA4
Printing stacktrace...

[0]  [0x00007FF8E96F1A52]
[1]  [0x00007FF8E96F1A52]
[2]  [0x00007FF8E96F1AD4]
[3]  [0x00007FF8E9833FF7]
[4]  [0x00007FF8E9719128]
[5]  [0x00007FF8E99CDFB9]
[6]  [0x00007FF8E9B9EF23]
[7]  [0x00007FF8E9AAB06B]
[8]  [0x00007FF8E9AA08AF]
[9]  [0x00007FF8E9AA0A32]
[10] (RtlDeactivateActivationContextUnsafeFast+0x1af) [0x00007FF97688485F]
[11] (LdrShutdownProcess+0x12c) [0x00007FF9768AD43C]
[12] (RtlExitUserProcess+0xb4) [0x00007FF9768AD2F4]
[13] (FatalExit+0xa) [0x00007FF97662C0DA]
[14] (exit+0x75) [0x00007FF9741DA045]
[15] (initterm_e+0x21d) [0x00007FF9741DA68D]
[16]  [0x00000000004014CD]
[17]  [0x000000000040151B]
[18] (BaseThreadInitThunk+0x14) [0x00007FF976622774]
[19] (RtlUserThreadStart+0x21) [0x00007FF9768D0D51]
Done
