c:\users\cmsno\source\repos\aes\aes\debug\aes.pch
c:\users\cmsno\source\repos\aes\aes\debug\vc141.pdb
c:\users\cmsno\source\repos\aes\aes\debug\vc141.idb
c:\users\cmsno\source\repos\aes\aes\debug\stdafx.obj
c:\users\cmsno\source\repos\aes\aes\debug\aes.obj
c:\users\cmsno\source\repos\aes - copy\aes\debug\aes.pch
c:\users\cmsno\source\repos\aes - copy\aes\debug\vc141.pdb
c:\users\cmsno\source\repos\aes - copy\aes\debug\vc141.idb
c:\users\cmsno\source\repos\aes - copy\aes\debug\stdafx.obj
c:\users\cmsno\source\repos\aes - copy\aes\debug\aes.obj
c:\users\cmsno\desktop\gitrepos\aes128\aes\debug\aes.pch
c:\users\cmsno\desktop\gitrepos\aes128\aes\debug\vc141.pdb
c:\users\cmsno\desktop\gitrepos\aes128\aes\debug\vc141.idb
c:\users\cmsno\desktop\gitrepos\aes128\aes\debug\stdafx.obj
c:\users\cmsno\desktop\gitrepos\aes128\aes\debug\aes.obj
c:\users\cmsno\dropbox\year_5\gitrepos\aes128\aes\debug\aes.pch
c:\users\cmsno\dropbox\year_5\gitrepos\aes128\aes\debug\vc141.pdb
c:\users\cmsno\dropbox\year_5\gitrepos\aes128\aes\debug\vc141.idb
c:\users\cmsno\dropbox\year_5\gitrepos\aes128\aes\debug\stdafx.obj
c:\users\cmsno\dropbox\year_5\gitrepos\aes128\aes\debug\aes.obj
c:\users\cmsno\dropbox\year_5\gitrepos\aes128\aes_c++\aes\debug\aes.pch
c:\users\cmsno\dropbox\year_5\gitrepos\aes128\aes_c++\aes\debug\vc141.pdb
c:\users\cmsno\dropbox\year_5\gitrepos\aes128\aes_c++\aes\debug\vc141.idb
c:\users\cmsno\dropbox\year_5\gitrepos\aes128\aes_c++\aes\debug\stdafx.obj
c:\users\cmsno\dropbox\year_5\gitrepos\aes128\aes_c++\aes\debug\aes.obj
c:\users\cmsno\source\repos\aes\debug\aes.exe
c:\users\cmsno\source\repos\aes\debug\aes.ilk
c:\users\cmsno\source\repos\aes\debug\aes.pdb
c:\users\cmsno\source\repos\aes - copy\debug\aes.exe
c:\users\cmsno\source\repos\aes - copy\debug\aes.ilk
c:\users\cmsno\source\repos\aes - copy\debug\aes.pdb
c:\users\cmsno\desktop\gitrepos\aes128\debug\aes.exe
c:\users\cmsno\desktop\gitrepos\aes128\debug\aes.ilk
c:\users\cmsno\desktop\gitrepos\aes128\debug\aes.pdb
c:\users\cmsno\dropbox\year_5\gitrepos\aes128\debug\aes.exe
c:\users\cmsno\dropbox\year_5\gitrepos\aes128\debug\aes.ilk
c:\users\cmsno\dropbox\year_5\gitrepos\aes128\debug\aes.pdb
c:\users\cmsno\dropbox\year_5\gitrepos\aes128\aes_c++\debug\aes.exe
c:\users\cmsno\dropbox\year_5\gitrepos\aes128\aes_c++\debug\aes.ilk
c:\users\cmsno\dropbox\year_5\gitrepos\aes128\aes_c++\debug\aes.pdb
c:\users\cmsno\dropbox\year_5\gitrepos\aes128\aes_c++\aes\debug\aes.tlog\cl.command.1.tlog
c:\users\cmsno\dropbox\year_5\gitrepos\aes128\aes_c++\aes\debug\aes.tlog\cl.read.1.tlog
c:\users\cmsno\dropbox\year_5\gitrepos\aes128\aes_c++\aes\debug\aes.tlog\cl.write.1.tlog
c:\users\cmsno\dropbox\year_5\gitrepos\aes128\aes_c++\aes\debug\aes.tlog\link.command.1.tlog
c:\users\cmsno\dropbox\year_5\gitrepos\aes128\aes_c++\aes\debug\aes.tlog\link.read.1.tlog
c:\users\cmsno\dropbox\year_5\gitrepos\aes128\aes_c++\aes\debug\aes.tlog\link.write.1.tlog
